[2026-04-22 10:21:36] local.ERROR: There are no commands defined in the "breeze" namespace. {"exception":"[object] (Symfony\\Component\\Console\\Exception\\NamespaceNotFoundException(code: 0): There are no commands defined in the \"breeze\" namespace. at D:/Master/Telkom University Purwokerto/Semester 6/Aplikasi Berbasis Platform/Praktikum/ModulDUL/Gery/2311102008_GeranadaSaputraPriambudi/vendor/symfony/console/Application.php:694)
[stacktrace]
#0 D:/Master/Telkom University Purwokerto/Semester 6/Aplikasi Berbasis Platform/Praktikum/ModulDUL/Gery/2311102008_GeranadaSaputraPriambudi/vendor/symfony/console/Application.php(743): Symfony/Component/Console/Application->findNamespace('breeze')
#1 D:/Master/Telkom University Purwokerto/Semester 6/Aplikasi Berbasis Platform/Praktikum/ModulDUL/Gery/2311102008_GeranadaSaputraPriambudi/vendor/symfony/console/Application.php(298): Symfony/Component/Console/Application->find('breeze:install')
#2 D:/Master/Telkom University Purwokerto/Semester 6/Aplikasi Berbasis Platform/Praktikum/ModulDUL/Gery/2311102008_GeranadaSaputraPriambudi/vendor/symfony/console/Application.php(195): Symfony/Component/Console/Application->doRun(Object(Symfony/Component/Console/Input/ArgvInput), Object(Symfony/Component/Console/Output/ConsoleOutput))
#3 D:/Master/Telkom University Purwokerto/Semester 6/Aplikasi Berbasis Platform/Praktikum/ModulDUL/Gery/2311102008_GeranadaSaputraPriambudi/vendor/laravel/framework/src/Illuminate/Foundation/Console/Kernel.php(198): Symfony/Component/Console/Application->run(Object(Symfony/Component/Console/Input/ArgvInput), Object(Symfony/Component/Console/Output/ConsoleOutput))
#4 D:/Master/Telkom University Purwokerto/Semester 6/Aplikasi Berbasis Platform/Praktikum/ModulDUL/Gery/2311102008_GeranadaSaputraPriambudi/vendor/laravel/framework/src/Illuminate/Foundation/Application.php(1235): Illuminate/Foundation/Console/Kernel->handle(Object(Symfony/Component/Console/Input/ArgvInput), Object(Symfony/Component/Console/Output/ConsoleOutput))
#5 D:/Master/Telkom University Purwokerto/Semester 6/Aplikasi Berbasis Platform/Praktikum/ModulDUL/Gery/2311102008_GeranadaSaputraPriambudi/artisan(16): Illuminate/Foundation/Application->handleCommand(Object(Symfony/Component/Console/Input/ArgvInput))
#6 {main}
"} 
[2026-04-22 10:22:02] local.ERROR: There are no commands defined in the "breeze" namespace. {"exception":"[object] (Symfony\\Component\\Console\\Exception\\NamespaceNotFoundException(code: 0): There are no commands defined in the \"breeze\" namespace. at D:/Master/Telkom University Purwokerto/Semester 6/Aplikasi Berbasis Platform/Praktikum/ModulDUL/Gery/2311102008_GeranadaSaputraPriambudi/vendor/symfony/console/Application.php:694)
[stacktrace]
#0 D:/Master/Telkom University Purwokerto/Semester 6/Aplikasi Berbasis Platform/Praktikum/ModulDUL/Gery/2311102008_GeranadaSaputraPriambudi/vendor/symfony/console/Application.php(743): Symfony/Component/Console/Application->findNamespace('breeze')
#1 D:/Master/Telkom University Purwokerto/Semester 6/Aplikasi Berbasis Platform/Praktikum/ModulDUL/Gery/2311102008_GeranadaSaputraPriambudi/vendor/symfony/console/Application.php(298): Symfony/Component/Console/Application->find('breeze:install')
#2 D:/Master/Telkom University Purwokerto/Semester 6/Aplikasi Berbasis Platform/Praktikum/ModulDUL/Gery/2311102008_GeranadaSaputraPriambudi/vendor/symfony/console/Application.php(195): Symfony/Component/Console/Application->doRun(Object(Symfony/Component/Console/Input/ArgvInput), Object(Symfony/Component/Console/Output/ConsoleOutput))
#3 D:/Master/Telkom University Purwokerto/Semester 6/Aplikasi Berbasis Platform/Praktikum/ModulDUL/Gery/2311102008_GeranadaSaputraPriambudi/vendor/laravel/framework/src/Illuminate/Foundation/Console/Kernel.php(198): Symfony/Component/Console/Application->run(Object(Symfony/Component/Console/Input/ArgvInput), Object(Symfony/Component/Console/Output/ConsoleOutput))
#4 D:/Master/Telkom University Purwokerto/Semester 6/Aplikasi Berbasis Platform/Praktikum/ModulDUL/Gery/2311102008_GeranadaSaputraPriambudi/vendor/laravel/framework/src/Illuminate/Foundation/Application.php(1235): Illuminate/Foundation/Console/Kernel->handle(Object(Symfony/Component/Console/Input/ArgvInput), Object(Symfony/Component/Console/Output/ConsoleOutput))
#5 D:/Master/Telkom University Purwokerto/Semester 6/Aplikasi Berbasis Platform/Praktikum/ModulDUL/Gery/2311102008_GeranadaSaputraPriambudi/artisan(16): Illuminate/Foundation/Application->handleCommand(Object(Symfony/Component/Console/Input/ArgvInput))
#6 {main}
"} 
