[2026-04-22 09:31:02] local.ERROR: Target class [DatabaseSeeder] does not exist. {"exception":"[object] (Illuminate\\Contracts\\Container\\BindingResolutionException(code: 0): Target class [DatabaseSeeder] does not exist. at C:/Users/MSI/OneDrive/Documents/UTS PRAK/2311102196_KartikaPringgoHutomo/vendor/laravel/framework/src/Illuminate/Container/Container.php:1127)
[stacktrace]
#0 C:/Users/MSI/OneDrive/Documents/UTS PRAK/2311102196_KartikaPringgoHutomo/vendor/laravel/framework/src/Illuminate/Container/Container.php(936): Illuminate/Container/Container->build('DatabaseSeeder')
#1 C:/Users/MSI/OneDrive/Documents/UTS PRAK/2311102196_KartikaPringgoHutomo/vendor/laravel/framework/src/Illuminate/Foundation/Application.php(1078): Illuminate/Container/Container->resolve('DatabaseSeeder', Array, true)
#2 C:/Users/MSI/OneDrive/Documents/UTS PRAK/2311102196_KartikaPringgoHutomo/vendor/laravel/framework/src/Illuminate/Container/Container.php(864): Illuminate/Foundation/Application->resolve('DatabaseSeeder', Array)
#3 C:/Users/MSI/OneDrive/Documents/UTS PRAK/2311102196_KartikaPringgoHutomo/vendor/laravel/framework/src/Illuminate/Foundation/Application.php(1058): Illuminate/Container/Container->make('DatabaseSeeder', Array)
#4 C:/Users/MSI/OneDrive/Documents/UTS PRAK/2311102196_KartikaPringgoHutomo/vendor/laravel/framework/src/Illuminate/Database/Console/Seeds/SeedCommand.php(99): Illuminate/Foundation/Application->make('DatabaseSeeder')
#5 C:/Users/MSI/OneDrive/Documents/UTS PRAK/2311102196_KartikaPringgoHutomo/vendor/laravel/framework/src/Illuminate/Database/Console/Seeds/SeedCommand.php(71): Illuminate/Database/Console/Seeds/SeedCommand->getSeeder()
#6 C:/Users/MSI/OneDrive/Documents/UTS PRAK/2311102196_KartikaPringgoHutomo/vendor/laravel/framework/src/Illuminate/Database/Eloquent/Concerns/GuardsAttributes.php(181): Illuminate/Database/Console/Seeds/SeedCommand->Illuminate/Database/Console/Seeds/{closure}()
#7 C:/Users/MSI/OneDrive/Documents/UTS PRAK/2311102196_KartikaPringgoHutomo/vendor/laravel/framework/src/Illuminate/Database/Console/Seeds/SeedCommand.php(70): Illuminate/Database/Eloquent/Model::unguarded(Object(Closure))
#8 C:/Users/MSI/OneDrive/Documents/UTS PRAK/2311102196_KartikaPringgoHutomo/vendor/laravel/framework/src/Illuminate/Container/BoundMethod.php(36): Illuminate/Database/Console/Seeds/SeedCommand->handle()
#9 C:/Users/MSI/OneDrive/Documents/UTS PRAK/2311102196_KartikaPringgoHutomo/vendor/laravel/framework/src/Illuminate/Container/Util.php(43): Illuminate/Container/BoundMethod::Illuminate/Container/{closure}()
#10 C:/Users/MSI/OneDrive/Documents/UTS PRAK/2311102196_KartikaPringgoHutomo/vendor/laravel/framework/src/Illuminate/Container/BoundMethod.php(96): Illuminate/Container/Util::unwrapIfClosure(Object(Closure))
#11 C:/Users/MSI/OneDrive/Documents/UTS PRAK/2311102196_KartikaPringgoHutomo/vendor/laravel/framework/src/Illuminate/Container/BoundMethod.php(35): Illuminate/Container/BoundMethod::callBoundMethod(Object(Illuminate/Foundation/Application), Array, Object(Closure))
#12 C:/Users/MSI/OneDrive/Documents/UTS PRAK/2311102196_KartikaPringgoHutomo/vendor/laravel/framework/src/Illuminate/Container/Container.php(799): Illuminate/Container/BoundMethod::call(Object(Illuminate/Foundation/Application), Array, Array, NULL)
#13 C:/Users/MSI/OneDrive/Documents/UTS PRAK/2311102196_KartikaPringgoHutomo/vendor/laravel/framework/src/Illuminate/Console/Command.php(280): Illuminate/Container/Container->call(Array)
#14 C:/Users/MSI/OneDrive/Documents/UTS PRAK/2311102196_KartikaPringgoHutomo/vendor/symfony/console/Command/Command.php(341): Illuminate/Console/Command->execute(Object(Symfony/Component/Console/Input/ArgvInput), Object(Illuminate/Console/OutputStyle))
#15 C:/Users/MSI/OneDrive/Documents/UTS PRAK/2311102196_KartikaPringgoHutomo/vendor/laravel/framework/src/Illuminate/Console/Command.php(249): Symfony/Component/Console/Command/Command->run(Object(Symfony/Component/Console/Input/ArgvInput), Object(Illuminate/Console/OutputStyle))
#16 C:/Users/MSI/OneDrive/Documents/UTS PRAK/2311102196_KartikaPringgoHutomo/vendor/symfony/console/Application.php(1117): Illuminate/Console/Command->run(Object(Symfony/Component/Console/Input/ArgvInput), Object(Symfony/Component/Console/Output/ConsoleOutput))
#17 C:/Users/MSI/OneDrive/Documents/UTS PRAK/2311102196_KartikaPringgoHutomo/vendor/symfony/console/Application.php(356): Symfony/Component/Console/Application->doRunCommand(Object(Illuminate/Database/Console/Seeds/SeedCommand), Object(Symfony/Component/Console/Input/ArgvInput), Object(Symfony/Component/Console/Output/ConsoleOutput))
#18 C:/Users/MSI/OneDrive/Documents/UTS PRAK/2311102196_KartikaPringgoHutomo/vendor/symfony/console/Application.php(195): Symfony/Component/Console/Application->doRun(Object(Symfony/Component/Console/Input/ArgvInput), Object(Symfony/Component/Console/Output/ConsoleOutput))
#19 C:/Users/MSI/OneDrive/Documents/UTS PRAK/2311102196_KartikaPringgoHutomo/vendor/laravel/framework/src/Illuminate/Foundation/Console/Kernel.php(198): Symfony/Component/Console/Application->run(Object(Symfony/Component/Console/Input/ArgvInput), Object(Symfony/Component/Console/Output/ConsoleOutput))
#20 C:/Users/MSI/OneDrive/Documents/UTS PRAK/2311102196_KartikaPringgoHutomo/vendor/laravel/framework/src/Illuminate/Foundation/Application.php(1235): Illuminate/Foundation/Console/Kernel->handle(Object(Symfony/Component/Console/Input/ArgvInput), Object(Symfony/Component/Console/Output/ConsoleOutput))
#21 C:/Users/MSI/OneDrive/Documents/UTS PRAK/2311102196_KartikaPringgoHutomo/artisan(16): Illuminate/Foundation/Application->handleCommand(Object(Symfony/Component/Console/Input/ArgvInput))
#22 {main}

[previous exception] [object] (ReflectionException(code: -1): Class \"DatabaseSeeder\" does not exist at C:/Users/MSI/OneDrive/Documents/UTS PRAK/2311102196_KartikaPringgoHutomo/vendor/laravel/framework/src/Illuminate/Container/Container.php:1125)
[stacktrace]
#0 C:/Users/MSI/OneDrive/Documents/UTS PRAK/2311102196_KartikaPringgoHutomo/vendor/laravel/framework/src/Illuminate/Container/Container.php(1125): ReflectionClass->__construct('DatabaseSeeder')
#1 C:/Users/MSI/OneDrive/Documents/UTS PRAK/2311102196_KartikaPringgoHutomo/vendor/laravel/framework/src/Illuminate/Container/Container.php(936): Illuminate/Container/Container->build('DatabaseSeeder')
#2 C:/Users/MSI/OneDrive/Documents/UTS PRAK/2311102196_KartikaPringgoHutomo/vendor/laravel/framework/src/Illuminate/Foundation/Application.php(1078): Illuminate/Container/Container->resolve('DatabaseSeeder', Array, true)
#3 C:/Users/MSI/OneDrive/Documents/UTS PRAK/2311102196_KartikaPringgoHutomo/vendor/laravel/framework/src/Illuminate/Container/Container.php(864): Illuminate/Foundation/Application->resolve('DatabaseSeeder', Array)
#4 C:/Users/MSI/OneDrive/Documents/UTS PRAK/2311102196_KartikaPringgoHutomo/vendor/laravel/framework/src/Illuminate/Foundation/Application.php(1058): Illuminate/Container/Container->make('DatabaseSeeder', Array)
#5 C:/Users/MSI/OneDrive/Documents/UTS PRAK/2311102196_KartikaPringgoHutomo/vendor/laravel/framework/src/Illuminate/Database/Console/Seeds/SeedCommand.php(99): Illuminate/Foundation/Application->make('DatabaseSeeder')
#6 C:/Users/MSI/OneDrive/Documents/UTS PRAK/2311102196_KartikaPringgoHutomo/vendor/laravel/framework/src/Illuminate/Database/Console/Seeds/SeedCommand.php(71): Illuminate/Database/Console/Seeds/SeedCommand->getSeeder()
#7 C:/Users/MSI/OneDrive/Documents/UTS PRAK/2311102196_KartikaPringgoHutomo/vendor/laravel/framework/src/Illuminate/Database/Eloquent/Concerns/GuardsAttributes.php(181): Illuminate/Database/Console/Seeds/SeedCommand->Illuminate/Database/Console/Seeds/{closure}()
#8 C:/Users/MSI/OneDrive/Documents/UTS PRAK/2311102196_KartikaPringgoHutomo/vendor/laravel/framework/src/Illuminate/Database/Console/Seeds/SeedCommand.php(70): Illuminate/Database/Eloquent/Model::unguarded(Object(Closure))
#9 C:/Users/MSI/OneDrive/Documents/UTS PRAK/2311102196_KartikaPringgoHutomo/vendor/laravel/framework/src/Illuminate/Container/BoundMethod.php(36): Illuminate/Database/Console/Seeds/SeedCommand->handle()
#10 C:/Users/MSI/OneDrive/Documents/UTS PRAK/2311102196_KartikaPringgoHutomo/vendor/laravel/framework/src/Illuminate/Container/Util.php(43): Illuminate/Container/BoundMethod::Illuminate/Container/{closure}()
#11 C:/Users/MSI/OneDrive/Documents/UTS PRAK/2311102196_KartikaPringgoHutomo/vendor/laravel/framework/src/Illuminate/Container/BoundMethod.php(96): Illuminate/Container/Util::unwrapIfClosure(Object(Closure))
#12 C:/Users/MSI/OneDrive/Documents/UTS PRAK/2311102196_KartikaPringgoHutomo/vendor/laravel/framework/src/Illuminate/Container/BoundMethod.php(35): Illuminate/Container/BoundMethod::callBoundMethod(Object(Illuminate/Foundation/Application), Array, Object(Closure))
#13 C:/Users/MSI/OneDrive/Documents/UTS PRAK/2311102196_KartikaPringgoHutomo/vendor/laravel/framework/src/Illuminate/Container/Container.php(799): Illuminate/Container/BoundMethod::call(Object(Illuminate/Foundation/Application), Array, Array, NULL)
#14 C:/Users/MSI/OneDrive/Documents/UTS PRAK/2311102196_KartikaPringgoHutomo/vendor/laravel/framework/src/Illuminate/Console/Command.php(280): Illuminate/Container/Container->call(Array)
#15 C:/Users/MSI/OneDrive/Documents/UTS PRAK/2311102196_KartikaPringgoHutomo/vendor/symfony/console/Command/Command.php(341): Illuminate/Console/Command->execute(Object(Symfony/Component/Console/Input/ArgvInput), Object(Illuminate/Console/OutputStyle))
#16 C:/Users/MSI/OneDrive/Documents/UTS PRAK/2311102196_KartikaPringgoHutomo/vendor/laravel/framework/src/Illuminate/Console/Command.php(249): Symfony/Component/Console/Command/Command->run(Object(Symfony/Component/Console/Input/ArgvInput), Object(Illuminate/Console/OutputStyle))
#17 C:/Users/MSI/OneDrive/Documents/UTS PRAK/2311102196_KartikaPringgoHutomo/vendor/symfony/console/Application.php(1117): Illuminate/Console/Command->run(Object(Symfony/Component/Console/Input/ArgvInput), Object(Symfony/Component/Console/Output/ConsoleOutput))
#18 C:/Users/MSI/OneDrive/Documents/UTS PRAK/2311102196_KartikaPringgoHutomo/vendor/symfony/console/Application.php(356): Symfony/Component/Console/Application->doRunCommand(Object(Illuminate/Database/Console/Seeds/SeedCommand), Object(Symfony/Component/Console/Input/ArgvInput), Object(Symfony/Component/Console/Output/ConsoleOutput))
#19 C:/Users/MSI/OneDrive/Documents/UTS PRAK/2311102196_KartikaPringgoHutomo/vendor/symfony/console/Application.php(195): Symfony/Component/Console/Application->doRun(Object(Symfony/Component/Console/Input/ArgvInput), Object(Symfony/Component/Console/Output/ConsoleOutput))
#20 C:/Users/MSI/OneDrive/Documents/UTS PRAK/2311102196_KartikaPringgoHutomo/vendor/laravel/framework/src/Illuminate/Foundation/Console/Kernel.php(198): Symfony/Component/Console/Application->run(Object(Symfony/Component/Console/Input/ArgvInput), Object(Symfony/Component/Console/Output/ConsoleOutput))
#21 C:/Users/MSI/OneDrive/Documents/UTS PRAK/2311102196_KartikaPringgoHutomo/vendor/laravel/framework/src/Illuminate/Foundation/Application.php(1235): Illuminate/Foundation/Console/Kernel->handle(Object(Symfony/Component/Console/Input/ArgvInput), Object(Symfony/Component/Console/Output/ConsoleOutput))
#22 C:/Users/MSI/OneDrive/Documents/UTS PRAK/2311102196_KartikaPringgoHutomo/artisan(16): Illuminate/Foundation/Application->handleCommand(Object(Symfony/Component/Console/Input/ArgvInput))
#23 {main}
"} 
[2026-04-22 09:40:31] local.ERROR: Command "serf" is not defined. {"exception":"[object] (Symfony\\Component\\Console\\Exception\\CommandNotFoundException(code: 0): Command \"serf\" is not defined. at C:/Users/MSI/OneDrive/Documents/UTS PRAK/2311102196_KartikaPringgoHutomo/vendor/symfony/console/Application.php:759)
[stacktrace]
#0 C:/Users/MSI/OneDrive/Documents/UTS PRAK/2311102196_KartikaPringgoHutomo/vendor/symfony/console/Application.php(298): Symfony/Component/Console/Application->find('serf')
#1 C:/Users/MSI/OneDrive/Documents/UTS PRAK/2311102196_KartikaPringgoHutomo/vendor/symfony/console/Application.php(195): Symfony/Component/Console/Application->doRun(Object(Symfony/Component/Console/Input/ArgvInput), Object(Symfony/Component/Console/Output/ConsoleOutput))
#2 C:/Users/MSI/OneDrive/Documents/UTS PRAK/2311102196_KartikaPringgoHutomo/vendor/laravel/framework/src/Illuminate/Foundation/Console/Kernel.php(198): Symfony/Component/Console/Application->run(Object(Symfony/Component/Console/Input/ArgvInput), Object(Symfony/Component/Console/Output/ConsoleOutput))
#3 C:/Users/MSI/OneDrive/Documents/UTS PRAK/2311102196_KartikaPringgoHutomo/vendor/laravel/framework/src/Illuminate/Foundation/Application.php(1235): Illuminate/Foundation/Console/Kernel->handle(Object(Symfony/Component/Console/Input/ArgvInput), Object(Symfony/Component/Console/Output/ConsoleOutput))
#4 C:/Users/MSI/OneDrive/Documents/UTS PRAK/2311102196_KartikaPringgoHutomo/artisan(16): Illuminate/Foundation/Application->handleCommand(Object(Symfony/Component/Console/Input/ArgvInput))
#5 {main}
"} 
[2026-04-22 10:13:44] local.ERROR: Undefined variable $profile (View: C:\Users\MSI\OneDrive\Documents\UTS PRAK\2311102196_KartikaPringgoHutomo\resources\views\welcome.blade.php) {"exception":"[object] (Illuminate\\View\\ViewException(code: 0): Undefined variable $profile (View: C:\\Users\\MSI\\OneDrive\\Documents\\UTS PRAK\\2311102196_KartikaPringgoHutomo\\resources\\views\\welcome.blade.php) at C:/Users/MSI/OneDrive/Documents/UTS PRAK/2311102196_KartikaPringgoHutomo/storage/framework/views/2c4f4dc7df8534e76f24d7480e994a35.php:6)
[stacktrace]
#0 C:/Users/MSI/OneDrive/Documents/UTS PRAK/2311102196_KartikaPringgoHutomo/vendor/laravel/framework/src/Illuminate/View/Engines/PhpEngine.php(59): Illuminate/View/Engines/CompilerEngine->handleViewException(Object(ErrorException), 1)
#1 C:/Users/MSI/OneDrive/Documents/UTS PRAK/2311102196_KartikaPringgoHutomo/vendor/laravel/framework/src/Illuminate/View/Engines/CompilerEngine.php(76): Illuminate/View/Engines/PhpEngine->evaluatePath('C://Users//MSI//On...', Array)
#2 C:/Users/MSI/OneDrive/Documents/UTS PRAK/2311102196_KartikaPringgoHutomo/vendor/laravel/framework/src/Illuminate/View/View.php(208): Illuminate/View/Engines/CompilerEngine->get('C://Users//MSI//On...', Array)
#3 C:/Users/MSI/OneDrive/Documents/UTS PRAK/2311102196_KartikaPringgoHutomo/vendor/laravel/framework/src/Illuminate/View/View.php(191): Illuminate/View/View->getContents()
#4 C:/Users/MSI/OneDrive/Documents/UTS PRAK/2311102196_KartikaPringgoHutomo/vendor/laravel/framework/src/Illuminate/View/View.php(160): Illuminate/View/View->renderContents()
#5 C:/Users/MSI/OneDrive/Documents/UTS PRAK/2311102196_KartikaPringgoHutomo/vendor/laravel/framework/src/Illuminate/Http/Response.php(78): Illuminate/View/View->render()
#6 C:/Users/MSI/OneDrive/Documents/UTS PRAK/2311102196_KartikaPringgoHutomo/vendor/laravel/framework/src/Illuminate/Http/Response.php(34): Illuminate/Http/Response->setContent(Object(Illuminate/View/View))
#7 C:/Users/MSI/OneDrive/Documents/UTS PRAK/2311102196_KartikaPringgoHutomo/vendor/laravel/framework/src/Illuminate/Routing/Router.php(939): Illuminate/Http/Response->__construct(Object(Illuminate/View/View), 200, Array)
#8 C:/Users/MSI/OneDrive/Documents/UTS PRAK/2311102196_KartikaPringgoHutomo/vendor/laravel/framework/src/Illuminate/Routing/Router.php(906): Illuminate/Routing/Router::toResponse(Object(Illuminate/Http/Request), Object(Illuminate/View/View))
#9 C:/Users/MSI/OneDrive/Documents/UTS PRAK/2311102196_KartikaPringgoHutomo/vendor/laravel/framework/src/Illuminate/Routing/Router.php(821): Illuminate/Routing/Router->prepareResponse(Object(Illuminate/Http/Request), Object(Illuminate/View/View))
#10 C:/Users/MSI/OneDrive/Documents/UTS PRAK/2311102196_KartikaPringgoHutomo/vendor/laravel/framework/src/Illuminate/Pipeline/Pipeline.php(180): Illuminate/Routing/Router->Illuminate/Routing/{closure}(Object(Illuminate/Http/Request))
#11 C:/Users/MSI/OneDrive/Documents/UTS PRAK/2311102196_KartikaPringgoHutomo/vendor/laravel/framework/src/Illuminate/Routing/Middleware/SubstituteBindings.php(52): Illuminate/Pipeline/Pipeline->Illuminate/Pipeline/{closure}(Object(Illuminate/Http/Request))
#12 C:/Users/MSI/OneDrive/Documents/UTS PRAK/2311102196_KartikaPringgoHutomo/vendor/laravel/framework/src/Illuminate/Pipeline/Pipeline.php(219): Illuminate/Routing/Middleware/SubstituteBindings->handle(Object(Illuminate/Http/Request), Object(Closure))
#13 C:/Users/MSI/OneDrive/Documents/UTS PRAK/2311102196_KartikaPringgoHutomo/vendor/laravel/framework/src/Illuminate/Foundation/Http/Middleware/PreventRequestForgery.php(104): Illuminate/Pipeline/Pipeline->Illuminate/Pipeline/{closure}(Object(Illuminate/Http/Request))
#14 C:/Users/MSI/OneDrive/Documents/UTS PRAK/2311102196_KartikaPringgoHutomo/vendor/laravel/framework/src/Illuminate/Pipeline/Pipeline.php(219): Illuminate/Foundation/Http/Middleware/PreventRequestForgery->handle(Object(Illuminate/Http/Request), Object(Closure))
#15 C:/Users/MSI/OneDrive/Documents/UTS PRAK/2311102196_KartikaPringgoHutomo/vendor/laravel/framework/src/Illuminate/View/Middleware/ShareErrorsFromSession.php(48): Illuminate/Pipeline/Pipeline->Illuminate/Pipeline/{closure}(Object(Illuminate/Http/Request))
#16 C:/Users/MSI/OneDrive/Documents/UTS PRAK/2311102196_KartikaPringgoHutomo/vendor/laravel/framework/src/Illuminate/Pipeline/Pipeline.php(219): Illuminate/View/Middleware/ShareErrorsFromSession->handle(Object(Illuminate/Http/Request), Object(Closure))
#17 C:/Users/MSI/OneDrive/Documents/UTS PRAK/2311102196_KartikaPringgoHutomo/vendor/laravel/framework/src/Illuminate/Session/Middleware/StartSession.php(120): Illuminate/Pipeline/Pipeline->Illuminate/Pipeline/{closure}(Object(Illuminate/Http/Request))
#18 C:/Users/MSI/OneDrive/Documents/UTS PRAK/2311102196_KartikaPringgoHutomo/vendor/laravel/framework/src/Illuminate/Session/Middleware/StartSession.php(63): Illuminate/Session/Middleware/StartSession->handleStatefulRequest(Object(Illuminate/Http/Request), Object(Illuminate/Session/Store), Object(Closure))
#19 C:/Users/MSI/OneDrive/Documents/UTS PRAK/2311102196_KartikaPringgoHutomo/vendor/laravel/framework/src/Illuminate/Pipeline/Pipeline.php(219): Illuminate/Session/Middleware/StartSession->handle(Object(Illuminate/Http/Request), Object(Closure))
#20 C:/Users/MSI/OneDrive/Documents/UTS PRAK/2311102196_KartikaPringgoHutomo/vendor/laravel/framework/src/Illuminate/Cookie/Middleware/AddQueuedCookiesToResponse.php(36): Illuminate/Pipeline/Pipeline->Illuminate/Pipeline/{closure}(Object(Illuminate/Http/Request))
#21 C:/Users/MSI/OneDrive/Documents/UTS PRAK/2311102196_KartikaPringgoHutomo/vendor/laravel/framework/src/Illuminate/Pipeline/Pipeline.php(219): Illuminate/Cookie/Middleware/AddQueuedCookiesToResponse->handle(Object(Illuminate/Http/Request), Object(Closure))
#22 C:/Users/MSI/OneDrive/Documents/UTS PRAK/2311102196_KartikaPringgoHutomo/vendor/laravel/framework/src/Illuminate/Cookie/Middleware/EncryptCookies.php(74): Illuminate/Pipeline/Pipeline->Illuminate/Pipeline/{closure}(Object(Illuminate/Http/Request))
#23 C:/Users/MSI/OneDrive/Documents/UTS PRAK/2311102196_KartikaPringgoHutomo/vendor/laravel/framework/src/Illuminate/Pipeline/Pipeline.php(219): Illuminate/Cookie/Middleware/EncryptCookies->handle(Object(Illuminate/Http/Request), Object(Closure))
#24 C:/Users/MSI/OneDrive/Documents/UTS PRAK/2311102196_KartikaPringgoHutomo/vendor/laravel/framework/src/Illuminate/Pipeline/Pipeline.php(137): Illuminate/Pipeline/Pipeline->Illuminate/Pipeline/{closure}(Object(Illuminate/Http/Request))
#25 C:/Users/MSI/OneDrive/Documents/UTS PRAK/2311102196_KartikaPringgoHutomo/vendor/laravel/framework/src/Illuminate/Routing/Router.php(821): Illuminate/Pipeline/Pipeline->then(Object(Closure))
#26 C:/Users/MSI/OneDrive/Documents/UTS PRAK/2311102196_KartikaPringgoHutomo/vendor/laravel/framework/src/Illuminate/Routing/Router.php(800): Illuminate/Routing/Router->runRouteWithinStack(Object(Illuminate/Routing/Route), Object(Illuminate/Http/Request))
#27 C:/Users/MSI/OneDrive/Documents/UTS PRAK/2311102196_KartikaPringgoHutomo/vendor/laravel/framework/src/Illuminate/Routing/Router.php(764): Illuminate/Routing/Router->runRoute(Object(Illuminate/Http/Request), Object(Illuminate/Routing/Route))
#28 C:/Users/MSI/OneDrive/Documents/UTS PRAK/2311102196_KartikaPringgoHutomo/vendor/laravel/framework/src/Illuminate/Routing/Router.php(753): Illuminate/Routing/Router->dispatchToRoute(Object(Illuminate/Http/Request))
#29 C:/Users/MSI/OneDrive/Documents/UTS PRAK/2311102196_KartikaPringgoHutomo/vendor/laravel/framework/src/Illuminate/Foundation/Http/Kernel.php(200): Illuminate/Routing/Router->dispatch(Object(Illuminate/Http/Request))
#30 C:/Users/MSI/OneDrive/Documents/UTS PRAK/2311102196_KartikaPringgoHutomo/vendor/laravel/framework/src/Illuminate/Pipeline/Pipeline.php(180): Illuminate/Foundation/Http/Kernel->Illuminate/Foundation/Http/{closure}(Object(Illuminate/Http/Request))
#31 C:/Users/MSI/OneDrive/Documents/UTS PRAK/2311102196_KartikaPringgoHutomo/vendor/laravel/framework/src/Illuminate/Foundation/Http/Middleware/TransformsRequest.php(21): Illuminate/Pipeline/Pipeline->Illuminate/Pipeline/{closure}(Object(Illuminate/Http/Request))
#32 C:/Users/MSI/OneDrive/Documents/UTS PRAK/2311102196_KartikaPringgoHutomo/vendor/laravel/framework/src/Illuminate/Foundation/Http/Middleware/ConvertEmptyStringsToNull.php(31): Illuminate/Foundation/Http/Middleware/TransformsRequest->handle(Object(Illuminate/Http/Request), Object(Closure))
#33 C:/Users/MSI/OneDrive/Documents/UTS PRAK/2311102196_KartikaPringgoHutomo/vendor/laravel/framework/src/Illuminate/Pipeline/Pipeline.php(219): Illuminate/Foundation/Http/Middleware/ConvertEmptyStringsToNull->handle(Object(Illuminate/Http/Request), Object(Closure))
#34 C:/Users/MSI/OneDrive/Documents/UTS PRAK/2311102196_KartikaPringgoHutomo/vendor/laravel/framework/src/Illuminate/Foundation/Http/Middleware/TransformsRequest.php(21): Illuminate/Pipeline/Pipeline->Illuminate/Pipeline/{closure}(Object(Illuminate/Http/Request))
#35 C:/Users/MSI/OneDrive/Documents/UTS PRAK/2311102196_KartikaPringgoHutomo/vendor/laravel/framework/src/Illuminate/Foundation/Http/Middleware/TrimStrings.php(51): Illuminate/Foundation/Http/Middleware/TransformsRequest->handle(Object(Illuminate/Http/Request), Object(Closure))
#36 C:/Users/MSI/OneDrive/Documents/UTS PRAK/2311102196_KartikaPringgoHutomo/vendor/laravel/framework/src/Illuminate/Pipeline/Pipeline.php(219): Illuminate/Foundation/Http/Middleware/TrimStrings->handle(Object(Illuminate/Http/Request), Object(Closure))
#37 C:/Users/MSI/OneDrive/Documents/UTS PRAK/2311102196_KartikaPringgoHutomo/vendor/laravel/framework/src/Illuminate/Http/Middleware/ValidatePostSize.php(27): Illuminate/Pipeline/Pipeline->Illuminate/Pipeline/{closure}(Object(Illuminate/Http/Request))
#38 C:/Users/MSI/OneDrive/Documents/UTS PRAK/2311102196_KartikaPringgoHutomo/vendor/laravel/framework/src/Illuminate/Pipeline/Pipeline.php(219): Illuminate/Http/Middleware/ValidatePostSize->handle(Object(Illuminate/Http/Request), Object(Closure))
#39 C:/Users/MSI/OneDrive/Documents/UTS PRAK/2311102196_KartikaPringgoHutomo/vendor/laravel/framework/src/Illuminate/Foundation/Http/Middleware/PreventRequestsDuringMaintenance.php(109): Illuminate/Pipeline/Pipeline->Illuminate/Pipeline/{closure}(Object(Illuminate/Http/Request))
#40 C:/Users/MSI/OneDrive/Documents/UTS PRAK/2311102196_KartikaPringgoHutomo/vendor/laravel/framework/src/Illuminate/Pipeline/Pipeline.php(219): Illuminate/Foundation/Http/Middleware/PreventRequestsDuringMaintenance->handle(Object(Illuminate/Http/Request), Object(Closure))
#41 C:/Users/MSI/OneDrive/Documents/UTS PRAK/2311102196_KartikaPringgoHutomo/vendor/laravel/framework/src/Illuminate/Http/Middleware/HandleCors.php(61): Illuminate/Pipeline/Pipeline->Illuminate/Pipeline/{closure}(Object(Illuminate/Http/Request))
#42 C:/Users/MSI/OneDrive/Documents/UTS PRAK/2311102196_KartikaPringgoHutomo/vendor/laravel/framework/src/Illuminate/Pipeline/Pipeline.php(219): Illuminate/Http/Middleware/HandleCors->handle(Object(Illuminate/Http/Request), Object(Closure))
#43 C:/Users/MSI/OneDrive/Documents/UTS PRAK/2311102196_KartikaPringgoHutomo/vendor/laravel/framework/src/Illuminate/Http/Middleware/TrustProxies.php(58): Illuminate/Pipeline/Pipeline->Illuminate/Pipeline/{closure}(Object(Illuminate/Http/Request))
#44 C:/Users/MSI/OneDrive/Documents/UTS PRAK/2311102196_KartikaPringgoHutomo/vendor/laravel/framework/src/Illuminate/Pipeline/Pipeline.php(219): Illuminate/Http/Middleware/TrustProxies->handle(Object(Illuminate/Http/Request), Object(Closure))
#45 C:/Users/MSI/OneDrive/Documents/UTS PRAK/2311102196_KartikaPringgoHutomo/vendor/laravel/framework/src/Illuminate/Foundation/Http/Middleware/InvokeDeferredCallbacks.php(22): Illuminate/Pipeline/Pipeline->Illuminate/Pipeline/{closure}(Object(Illuminate/Http/Request))
#46 C:/Users/MSI/OneDrive/Documents/UTS PRAK/2311102196_KartikaPringgoHutomo/vendor/laravel/framework/src/Illuminate/Pipeline/Pipeline.php(219): Illuminate/Foundation/Http/Middleware/InvokeDeferredCallbacks->handle(Object(Illuminate/Http/Request), Object(Closure))
#47 C:/Users/MSI/OneDrive/Documents/UTS PRAK/2311102196_KartikaPringgoHutomo/vendor/laravel/framework/src/Illuminate/Http/Middleware/ValidatePathEncoding.php(28): Illuminate/Pipeline/Pipeline->Illuminate/Pipeline/{closure}(Object(Illuminate/Http/Request))
#48 C:/Users/MSI/OneDrive/Documents/UTS PRAK/2311102196_KartikaPringgoHutomo/vendor/laravel/framework/src/Illuminate/Pipeline/Pipeline.php(219): Illuminate/Http/Middleware/ValidatePathEncoding->handle(Object(Illuminate/Http/Request), Object(Closure))
#49 C:/Users/MSI/OneDrive/Documents/UTS PRAK/2311102196_KartikaPringgoHutomo/vendor/laravel/framework/src/Illuminate/Pipeline/Pipeline.php(137): Illuminate/Pipeline/Pipeline->Illuminate/Pipeline/{closure}(Object(Illuminate/Http/Request))
#50 C:/Users/MSI/OneDrive/Documents/UTS PRAK/2311102196_KartikaPringgoHutomo/vendor/laravel/framework/src/Illuminate/Foundation/Http/Kernel.php(175): Illuminate/Pipeline/Pipeline->then(Object(Closure))
#51 C:/Users/MSI/OneDrive/Documents/UTS PRAK/2311102196_KartikaPringgoHutomo/vendor/laravel/framework/src/Illuminate/Foundation/Http/Kernel.php(144): Illuminate/Foundation/Http/Kernel->sendRequestThroughRouter(Object(Illuminate/Http/Request))
#52 C:/Users/MSI/OneDrive/Documents/UTS PRAK/2311102196_KartikaPringgoHutomo/vendor/laravel/framework/src/Illuminate/Foundation/Application.php(1220): Illuminate/Foundation/Http/Kernel->handle(Object(Illuminate/Http/Request))
#53 C:/Users/MSI/OneDrive/Documents/UTS PRAK/2311102196_KartikaPringgoHutomo/public/index.php(20): Illuminate/Foundation/Application->handleRequest(Object(Illuminate/Http/Request))
#54 C:/Users/MSI/OneDrive/Documents/UTS PRAK/2311102196_KartikaPringgoHutomo/vendor/laravel/framework/src/Illuminate/Foundation/resources/server.php(23): require_once('C://Users//MSI//On...')
#55 {main}

[previous exception] [object] (ErrorException(code: 0): Undefined variable $profile at C:/Users/MSI/OneDrive/Documents/UTS PRAK/2311102196_KartikaPringgoHutomo/storage/framework/views/2c4f4dc7df8534e76f24d7480e994a35.php:6)
[stacktrace]
#0 C:/Users/MSI/OneDrive/Documents/UTS PRAK/2311102196_KartikaPringgoHutomo/vendor/laravel/framework/src/Illuminate/Foundation/Bootstrap/HandleExceptions.php(258): Illuminate/Foundation/Bootstrap/HandleExceptions->handleError(2, 'Undefined varia...', 'C://Users//MSI//On...', 6)
#1 C:/Users/MSI/OneDrive/Documents/UTS PRAK/2311102196_KartikaPringgoHutomo/storage/framework/views/2c4f4dc7df8534e76f24d7480e994a35.php(6): Illuminate/Foundation/Bootstrap/HandleExceptions->Illuminate/Foundation/Bootstrap/{closure}(2, 'Undefined varia...', 'C://Users//MSI//On...', 6)
#2 C:/Users/MSI/OneDrive/Documents/UTS PRAK/2311102196_KartikaPringgoHutomo/vendor/laravel/framework/src/Illuminate/Filesystem/Filesystem.php(123): require('C://Users//MSI//On...')
#3 C:/Users/MSI/OneDrive/Documents/UTS PRAK/2311102196_KartikaPringgoHutomo/vendor/laravel/framework/src/Illuminate/Filesystem/Filesystem.php(124): Illuminate/Filesystem/Filesystem::Illuminate/Filesystem/{closure}()
#4 C:/Users/MSI/OneDrive/Documents/UTS PRAK/2311102196_KartikaPringgoHutomo/vendor/laravel/framework/src/Illuminate/View/Engines/PhpEngine.php(57): Illuminate/Filesystem/Filesystem->getRequire('C://Users//MSI//On...', Array)
#5 C:/Users/MSI/OneDrive/Documents/UTS PRAK/2311102196_KartikaPringgoHutomo/vendor/laravel/framework/src/Illuminate/View/Engines/CompilerEngine.php(76): Illuminate/View/Engines/PhpEngine->evaluatePath('C://Users//MSI//On...', Array)
#6 C:/Users/MSI/OneDrive/Documents/UTS PRAK/2311102196_KartikaPringgoHutomo/vendor/laravel/framework/src/Illuminate/View/View.php(208): Illuminate/View/Engines/CompilerEngine->get('C://Users//MSI//On...', Array)
#7 C:/Users/MSI/OneDrive/Documents/UTS PRAK/2311102196_KartikaPringgoHutomo/vendor/laravel/framework/src/Illuminate/View/View.php(191): Illuminate/View/View->getContents()
#8 C:/Users/MSI/OneDrive/Documents/UTS PRAK/2311102196_KartikaPringgoHutomo/vendor/laravel/framework/src/Illuminate/View/View.php(160): Illuminate/View/View->renderContents()
#9 C:/Users/MSI/OneDrive/Documents/UTS PRAK/2311102196_KartikaPringgoHutomo/vendor/laravel/framework/src/Illuminate/Http/Response.php(78): Illuminate/View/View->render()
#10 C:/Users/MSI/OneDrive/Documents/UTS PRAK/2311102196_KartikaPringgoHutomo/vendor/laravel/framework/src/Illuminate/Http/Response.php(34): Illuminate/Http/Response->setContent(Object(Illuminate/View/View))
#11 C:/Users/MSI/OneDrive/Documents/UTS PRAK/2311102196_KartikaPringgoHutomo/vendor/laravel/framework/src/Illuminate/Routing/Router.php(939): Illuminate/Http/Response->__construct(Object(Illuminate/View/View), 200, Array)
#12 C:/Users/MSI/OneDrive/Documents/UTS PRAK/2311102196_KartikaPringgoHutomo/vendor/laravel/framework/src/Illuminate/Routing/Router.php(906): Illuminate/Routing/Router::toResponse(Object(Illuminate/Http/Request), Object(Illuminate/View/View))
#13 C:/Users/MSI/OneDrive/Documents/UTS PRAK/2311102196_KartikaPringgoHutomo/vendor/laravel/framework/src/Illuminate/Routing/Router.php(821): Illuminate/Routing/Router->prepareResponse(Object(Illuminate/Http/Request), Object(Illuminate/View/View))
#14 C:/Users/MSI/OneDrive/Documents/UTS PRAK/2311102196_KartikaPringgoHutomo/vendor/laravel/framework/src/Illuminate/Pipeline/Pipeline.php(180): Illuminate/Routing/Router->Illuminate/Routing/{closure}(Object(Illuminate/Http/Request))
#15 C:/Users/MSI/OneDrive/Documents/UTS PRAK/2311102196_KartikaPringgoHutomo/vendor/laravel/framework/src/Illuminate/Routing/Middleware/SubstituteBindings.php(52): Illuminate/Pipeline/Pipeline->Illuminate/Pipeline/{closure}(Object(Illuminate/Http/Request))
#16 C:/Users/MSI/OneDrive/Documents/UTS PRAK/2311102196_KartikaPringgoHutomo/vendor/laravel/framework/src/Illuminate/Pipeline/Pipeline.php(219): Illuminate/Routing/Middleware/SubstituteBindings->handle(Object(Illuminate/Http/Request), Object(Closure))
#17 C:/Users/MSI/OneDrive/Documents/UTS PRAK/2311102196_KartikaPringgoHutomo/vendor/laravel/framework/src/Illuminate/Foundation/Http/Middleware/PreventRequestForgery.php(104): Illuminate/Pipeline/Pipeline->Illuminate/Pipeline/{closure}(Object(Illuminate/Http/Request))
#18 C:/Users/MSI/OneDrive/Documents/UTS PRAK/2311102196_KartikaPringgoHutomo/vendor/laravel/framework/src/Illuminate/Pipeline/Pipeline.php(219): Illuminate/Foundation/Http/Middleware/PreventRequestForgery->handle(Object(Illuminate/Http/Request), Object(Closure))
#19 C:/Users/MSI/OneDrive/Documents/UTS PRAK/2311102196_KartikaPringgoHutomo/vendor/laravel/framework/src/Illuminate/View/Middleware/ShareErrorsFromSession.php(48): Illuminate/Pipeline/Pipeline->Illuminate/Pipeline/{closure}(Object(Illuminate/Http/Request))
#20 C:/Users/MSI/OneDrive/Documents/UTS PRAK/2311102196_KartikaPringgoHutomo/vendor/laravel/framework/src/Illuminate/Pipeline/Pipeline.php(219): Illuminate/View/Middleware/ShareErrorsFromSession->handle(Object(Illuminate/Http/Request), Object(Closure))
#21 C:/Users/MSI/OneDrive/Documents/UTS PRAK/2311102196_KartikaPringgoHutomo/vendor/laravel/framework/src/Illuminate/Session/Middleware/StartSession.php(120): Illuminate/Pipeline/Pipeline->Illuminate/Pipeline/{closure}(Object(Illuminate/Http/Request))
#22 C:/Users/MSI/OneDrive/Documents/UTS PRAK/2311102196_KartikaPringgoHutomo/vendor/laravel/framework/src/Illuminate/Session/Middleware/StartSession.php(63): Illuminate/Session/Middleware/StartSession->handleStatefulRequest(Object(Illuminate/Http/Request), Object(Illuminate/Session/Store), Object(Closure))
#23 C:/Users/MSI/OneDrive/Documents/UTS PRAK/2311102196_KartikaPringgoHutomo/vendor/laravel/framework/src/Illuminate/Pipeline/Pipeline.php(219): Illuminate/Session/Middleware/StartSession->handle(Object(Illuminate/Http/Request), Object(Closure))
#24 C:/Users/MSI/OneDrive/Documents/UTS PRAK/2311102196_KartikaPringgoHutomo/vendor/laravel/framework/src/Illuminate/Cookie/Middleware/AddQueuedCookiesToResponse.php(36): Illuminate/Pipeline/Pipeline->Illuminate/Pipeline/{closure}(Object(Illuminate/Http/Request))
#25 C:/Users/MSI/OneDrive/Documents/UTS PRAK/2311102196_KartikaPringgoHutomo/vendor/laravel/framework/src/Illuminate/Pipeline/Pipeline.php(219): Illuminate/Cookie/Middleware/AddQueuedCookiesToResponse->handle(Object(Illuminate/Http/Request), Object(Closure))
#26 C:/Users/MSI/OneDrive/Documents/UTS PRAK/2311102196_KartikaPringgoHutomo/vendor/laravel/framework/src/Illuminate/Cookie/Middleware/EncryptCookies.php(74): Illuminate/Pipeline/Pipeline->Illuminate/Pipeline/{closure}(Object(Illuminate/Http/Request))
#27 C:/Users/MSI/OneDrive/Documents/UTS PRAK/2311102196_KartikaPringgoHutomo/vendor/laravel/framework/src/Illuminate/Pipeline/Pipeline.php(219): Illuminate/Cookie/Middleware/EncryptCookies->handle(Object(Illuminate/Http/Request), Object(Closure))
#28 C:/Users/MSI/OneDrive/Documents/UTS PRAK/2311102196_KartikaPringgoHutomo/vendor/laravel/framework/src/Illuminate/Pipeline/Pipeline.php(137): Illuminate/Pipeline/Pipeline->Illuminate/Pipeline/{closure}(Object(Illuminate/Http/Request))
#29 C:/Users/MSI/OneDrive/Documents/UTS PRAK/2311102196_KartikaPringgoHutomo/vendor/laravel/framework/src/Illuminate/Routing/Router.php(821): Illuminate/Pipeline/Pipeline->then(Object(Closure))
#30 C:/Users/MSI/OneDrive/Documents/UTS PRAK/2311102196_KartikaPringgoHutomo/vendor/laravel/framework/src/Illuminate/Routing/Router.php(800): Illuminate/Routing/Router->runRouteWithinStack(Object(Illuminate/Routing/Route), Object(Illuminate/Http/Request))
#31 C:/Users/MSI/OneDrive/Documents/UTS PRAK/2311102196_KartikaPringgoHutomo/vendor/laravel/framework/src/Illuminate/Routing/Router.php(764): Illuminate/Routing/Router->runRoute(Object(Illuminate/Http/Request), Object(Illuminate/Routing/Route))
#32 C:/Users/MSI/OneDrive/Documents/UTS PRAK/2311102196_KartikaPringgoHutomo/vendor/laravel/framework/src/Illuminate/Routing/Router.php(753): Illuminate/Routing/Router->dispatchToRoute(Object(Illuminate/Http/Request))
#33 C:/Users/MSI/OneDrive/Documents/UTS PRAK/2311102196_KartikaPringgoHutomo/vendor/laravel/framework/src/Illuminate/Foundation/Http/Kernel.php(200): Illuminate/Routing/Router->dispatch(Object(Illuminate/Http/Request))
#34 C:/Users/MSI/OneDrive/Documents/UTS PRAK/2311102196_KartikaPringgoHutomo/vendor/laravel/framework/src/Illuminate/Pipeline/Pipeline.php(180): Illuminate/Foundation/Http/Kernel->Illuminate/Foundation/Http/{closure}(Object(Illuminate/Http/Request))
#35 C:/Users/MSI/OneDrive/Documents/UTS PRAK/2311102196_KartikaPringgoHutomo/vendor/laravel/framework/src/Illuminate/Foundation/Http/Middleware/TransformsRequest.php(21): Illuminate/Pipeline/Pipeline->Illuminate/Pipeline/{closure}(Object(Illuminate/Http/Request))
#36 C:/Users/MSI/OneDrive/Documents/UTS PRAK/2311102196_KartikaPringgoHutomo/vendor/laravel/framework/src/Illuminate/Foundation/Http/Middleware/ConvertEmptyStringsToNull.php(31): Illuminate/Foundation/Http/Middleware/TransformsRequest->handle(Object(Illuminate/Http/Request), Object(Closure))
#37 C:/Users/MSI/OneDrive/Documents/UTS PRAK/2311102196_KartikaPringgoHutomo/vendor/laravel/framework/src/Illuminate/Pipeline/Pipeline.php(219): Illuminate/Foundation/Http/Middleware/ConvertEmptyStringsToNull->handle(Object(Illuminate/Http/Request), Object(Closure))
#38 C:/Users/MSI/OneDrive/Documents/UTS PRAK/2311102196_KartikaPringgoHutomo/vendor/laravel/framework/src/Illuminate/Foundation/Http/Middleware/TransformsRequest.php(21): Illuminate/Pipeline/Pipeline->Illuminate/Pipeline/{closure}(Object(Illuminate/Http/Request))
#39 C:/Users/MSI/OneDrive/Documents/UTS PRAK/2311102196_KartikaPringgoHutomo/vendor/laravel/framework/src/Illuminate/Foundation/Http/Middleware/TrimStrings.php(51): Illuminate/Foundation/Http/Middleware/TransformsRequest->handle(Object(Illuminate/Http/Request), Object(Closure))
#40 C:/Users/MSI/OneDrive/Documents/UTS PRAK/2311102196_KartikaPringgoHutomo/vendor/laravel/framework/src/Illuminate/Pipeline/Pipeline.php(219): Illuminate/Foundation/Http/Middleware/TrimStrings->handle(Object(Illuminate/Http/Request), Object(Closure))
#41 C:/Users/MSI/OneDrive/Documents/UTS PRAK/2311102196_KartikaPringgoHutomo/vendor/laravel/framework/src/Illuminate/Http/Middleware/ValidatePostSize.php(27): Illuminate/Pipeline/Pipeline->Illuminate/Pipeline/{closure}(Object(Illuminate/Http/Request))
#42 C:/Users/MSI/OneDrive/Documents/UTS PRAK/2311102196_KartikaPringgoHutomo/vendor/laravel/framework/src/Illuminate/Pipeline/Pipeline.php(219): Illuminate/Http/Middleware/ValidatePostSize->handle(Object(Illuminate/Http/Request), Object(Closure))
#43 C:/Users/MSI/OneDrive/Documents/UTS PRAK/2311102196_KartikaPringgoHutomo/vendor/laravel/framework/src/Illuminate/Foundation/Http/Middleware/PreventRequestsDuringMaintenance.php(109): Illuminate/Pipeline/Pipeline->Illuminate/Pipeline/{closure}(Object(Illuminate/Http/Request))
#44 C:/Users/MSI/OneDrive/Documents/UTS PRAK/2311102196_KartikaPringgoHutomo/vendor/laravel/framework/src/Illuminate/Pipeline/Pipeline.php(219): Illuminate/Foundation/Http/Middleware/PreventRequestsDuringMaintenance->handle(Object(Illuminate/Http/Request), Object(Closure))
#45 C:/Users/MSI/OneDrive/Documents/UTS PRAK/2311102196_KartikaPringgoHutomo/vendor/laravel/framework/src/Illuminate/Http/Middleware/HandleCors.php(61): Illuminate/Pipeline/Pipeline->Illuminate/Pipeline/{closure}(Object(Illuminate/Http/Request))
#46 C:/Users/MSI/OneDrive/Documents/UTS PRAK/2311102196_KartikaPringgoHutomo/vendor/laravel/framework/src/Illuminate/Pipeline/Pipeline.php(219): Illuminate/Http/Middleware/HandleCors->handle(Object(Illuminate/Http/Request), Object(Closure))
#47 C:/Users/MSI/OneDrive/Documents/UTS PRAK/2311102196_KartikaPringgoHutomo/vendor/laravel/framework/src/Illuminate/Http/Middleware/TrustProxies.php(58): Illuminate/Pipeline/Pipeline->Illuminate/Pipeline/{closure}(Object(Illuminate/Http/Request))
#48 C:/Users/MSI/OneDrive/Documents/UTS PRAK/2311102196_KartikaPringgoHutomo/vendor/laravel/framework/src/Illuminate/Pipeline/Pipeline.php(219): Illuminate/Http/Middleware/TrustProxies->handle(Object(Illuminate/Http/Request), Object(Closure))
#49 C:/Users/MSI/OneDrive/Documents/UTS PRAK/2311102196_KartikaPringgoHutomo/vendor/laravel/framework/src/Illuminate/Foundation/Http/Middleware/InvokeDeferredCallbacks.php(22): Illuminate/Pipeline/Pipeline->Illuminate/Pipeline/{closure}(Object(Illuminate/Http/Request))
#50 C:/Users/MSI/OneDrive/Documents/UTS PRAK/2311102196_KartikaPringgoHutomo/vendor/laravel/framework/src/Illuminate/Pipeline/Pipeline.php(219): Illuminate/Foundation/Http/Middleware/InvokeDeferredCallbacks->handle(Object(Illuminate/Http/Request), Object(Closure))
#51 C:/Users/MSI/OneDrive/Documents/UTS PRAK/2311102196_KartikaPringgoHutomo/vendor/laravel/framework/src/Illuminate/Http/Middleware/ValidatePathEncoding.php(28): Illuminate/Pipeline/Pipeline->Illuminate/Pipeline/{closure}(Object(Illuminate/Http/Request))
#52 C:/Users/MSI/OneDrive/Documents/UTS PRAK/2311102196_KartikaPringgoHutomo/vendor/laravel/framework/src/Illuminate/Pipeline/Pipeline.php(219): Illuminate/Http/Middleware/ValidatePathEncoding->handle(Object(Illuminate/Http/Request), Object(Closure))
#53 C:/Users/MSI/OneDrive/Documents/UTS PRAK/2311102196_KartikaPringgoHutomo/vendor/laravel/framework/src/Illuminate/Pipeline/Pipeline.php(137): Illuminate/Pipeline/Pipeline->Illuminate/Pipeline/{closure}(Object(Illuminate/Http/Request))
#54 C:/Users/MSI/OneDrive/Documents/UTS PRAK/2311102196_KartikaPringgoHutomo/vendor/laravel/framework/src/Illuminate/Foundation/Http/Kernel.php(175): Illuminate/Pipeline/Pipeline->then(Object(Closure))
#55 C:/Users/MSI/OneDrive/Documents/UTS PRAK/2311102196_KartikaPringgoHutomo/vendor/laravel/framework/src/Illuminate/Foundation/Http/Kernel.php(144): Illuminate/Foundation/Http/Kernel->sendRequestThroughRouter(Object(Illuminate/Http/Request))
#56 C:/Users/MSI/OneDrive/Documents/UTS PRAK/2311102196_KartikaPringgoHutomo/vendor/laravel/framework/src/Illuminate/Foundation/Application.php(1220): Illuminate/Foundation/Http/Kernel->handle(Object(Illuminate/Http/Request))
#57 C:/Users/MSI/OneDrive/Documents/UTS PRAK/2311102196_KartikaPringgoHutomo/public/index.php(20): Illuminate/Foundation/Application->handleRequest(Object(Illuminate/Http/Request))
#58 C:/Users/MSI/OneDrive/Documents/UTS PRAK/2311102196_KartikaPringgoHutomo/vendor/laravel/framework/src/Illuminate/Foundation/resources/server.php(23): require_once('C://Users//MSI//On...')
#59 {main}
"} 
